   171.6ms (setup:858): 2026-06-22 11:56:03
   171.7ms (setup:859): /usr/bin/pipx install flask
   171.7ms (setup:860): pipx version is 1.4.3
   171.7ms (setup:861): Default python interpreter is '/usr/bin/python3'
   171.8ms (mkdir:74): creating directory /home/shivarathna/.local/share/pipx/venvs
   172.0ms (mkdir:74): creating directory /home/shivarathna/.local/bin
   172.2ms (mkdir:74): creating directory /home/shivarathna/.local/share/man
   172.8ms (mkdir:74): creating directory /home/shivarathna/.cache/pipx
   173.0ms (setup:870): Adding CACHEDIR.TAG to cache directory
   173.7ms (package_name_from_spec:370): Determined package name: flask
   173.7ms (package_name_from_spec:371): Package name determined in 0.0s
   174.7ms (run_subprocess:168): running /usr/bin/python3 -m venv --without-pip /home/shivarathna/.local/share/pipx/venvs/flask
   222.9ms (run_subprocess:190): stdout:
   222.9ms (run_subprocess:192): stderr:
   223.0ms (run_subprocess:193): returncode: 0
   223.9ms (run_subprocess:168): running /usr/bin/python3 -m venv --clear /home/shivarathna/.local/share/pipx/shared
  3170.1ms (run_subprocess:190): stdout:
  3170.1ms (run_subprocess:192): stderr:
  3170.2ms (run_subprocess:193): returncode: 0
  3170.3ms (run_subprocess:168): running <checking pip's availability>
  3186.9ms (run_subprocess:190): stdout: ModuleSpec(name='pip', loader=<_frozen_importlib_external.SourceFileLoader object at 0x7a19f33fff20>, origin='/home/shivarathna/.local/share/pipx/shared/lib/python3.12/site-packages/pip/__init__.py', submodule_search_locations=['/home/shivarathna/.local/share/pipx/shared/lib/python3.12/site-packages/pip'])
  3186.9ms (run_subprocess:193): returncode: 0
  3187.0ms (upgrade:98): Upgrading shared libraries in /home/shivarathna/.local/share/pipx/shared
  3187.5ms (run_subprocess:168): running /home/shivarathna/.local/share/pipx/shared/bin/python -m pip --no-input --disable-pip-version-check install --force-reinstall -q --upgrade pip >= 23.1
  6023.4ms (run_subprocess:190): stdout:
  6023.5ms (run_subprocess:192): stderr:
  6023.5ms (run_subprocess:193): returncode: 0
  6023.8ms (run_subprocess:168): running /home/shivarathna/.local/share/pipx/venvs/flask/bin/python -c import sysconfig; print(sysconfig.get_path('purelib'))
  6040.9ms (run_subprocess:190): stdout: /home/shivarathna/.local/share/pipx/venvs/flask/lib/python3.12/site-packages
  6041.0ms (run_subprocess:193): returncode: 0
  6041.2ms (run_subprocess:168): running /home/shivarathna/.local/share/pipx/shared/bin/python -c import sysconfig; print(sysconfig.get_path('purelib'))
  6059.0ms (run_subprocess:190): stdout: /home/shivarathna/.local/share/pipx/shared/lib/python3.12/site-packages
  6059.1ms (run_subprocess:193): returncode: 0
  6059.3ms (run_subprocess:168): running /home/shivarathna/.local/share/pipx/venvs/flask/bin/python --version
  6061.2ms (run_subprocess:190): stdout: Python 3.12.3
  6061.2ms (run_subprocess:192): stderr:
  6061.2ms (run_subprocess:193): returncode: 0
  6061.4ms (_parsed_package_to_package_or_url:137): cleaned package spec: flask
  6061.8ms (run_subprocess:168): running /home/shivarathna/.local/share/pipx/venvs/flask/bin/python -m pip --no-input install flask
  9323.6ms (run_subprocess:193): returncode: 0
  9323.9ms (run_subprocess:168): running <fetch_info_in_venv commands>
  9346.3ms (run_subprocess:190): stdout: {"sys_path": ["/usr/lib/python312.zip", "/usr/lib/python3.12", "/usr/lib/python3.12/lib-dynload", "/home/shivarathna/.local/share/pipx/venvs/flask/lib/python3.12/site-packages", "/home/shivarathna/.local/share/pipx/shared/lib/python3.12/site-packages"], "python_version": "3.12.3", "environment": {"implementation_name": "cpython", "implementation_version": "3.12.3", "os_name": "posix", "platform_machine": "x86_64", "platform_release": "6.6.87.2-microsoft-standard-WSL2", "platform_system": "Linux", "platform_version": "#1 SMP PREEMPT_DYNAMIC Thu Jun  5 18:30:46 UTC 2025", "python_full_version": "3.12.3", "platform_python_implementation": "CPython", "python_version": "3.12", "sys_platform": "linux"}}
  9346.4ms (run_subprocess:193): returncode: 0
  9359.2ms (get_venv_metadata_for_package:339): get_venv_metadata_for_package: 35ms
  9359.4ms (_parsed_package_to_package_or_url:137): cleaned package spec: flask
  9377.9ms (run_subprocess:168): running <checking pip's availability>
  9394.7ms (run_subprocess:190): stdout: ModuleSpec(name='pip', loader=<_frozen_importlib_external.SourceFileLoader object at 0x7c2f5d503f20>, origin='/home/shivarathna/.local/share/pipx/shared/lib/python3.12/site-packages/pip/__init__.py', submodule_search_locations=['/home/shivarathna/.local/share/pipx/shared/lib/python3.12/site-packages/pip'])
  9394.8ms (run_subprocess:193): returncode: 0
  9394.9ms (run_subprocess:168): running <checking pip's availability>
  9412.1ms (run_subprocess:190): stdout: ModuleSpec(name='pip', loader=<_frozen_importlib_external.SourceFileLoader object at 0x719b8658bf20>, origin='/home/shivarathna/.local/share/pipx/shared/lib/python3.12/site-packages/pip/__init__.py', submodule_search_locations=['/home/shivarathna/.local/share/pipx/shared/lib/python3.12/site-packages/pip'])
  9412.2ms (run_subprocess:193): returncode: 0
  9525.6ms (warn_if_not_on_path:466): ⚠️  Note: '/home/shivarathna/.local/bin' is not on your PATH environment variable. These apps will not be globally
    accessible until your PATH is updated. Run `pipx ensurepath` to automatically add it, or manually modify your PATH
    in your shell's config file (i.e. ~/.bashrc).
  9525.7ms (cli:932): pipx finished.
